This file contains any messages produced by compilers while
running configure, to aid debugging if configure makes a mistake.

It was created by configure, which was
generated by GNU Autoconf 2.63.  Invocation command line was

  $ ./configure --prefix=/usr

## --------- ##
## Platform. ##
## --------- ##

hostname = panther
uname -m = x86_64
uname -r = 3.6.11-1-ARCH
uname -s = Linux
uname -v = #1 SMP PREEMPT Tue Dec 18 08:57:15 CET 2012

/usr/bin/uname -p = unknown
/bin/uname -X     = unknown

/bin/arch              = unknown
/usr/bin/arch -k       = unknown
/usr/convex/getsysinfo = unknown
/usr/bin/hostinfo      = unknown
/bin/machine           = unknown
/usr/bin/oslevel       = unknown
/bin/universe          = unknown

PATH: /usr/local/bin
PATH: /usr/bin
PATH: /bin
PATH: /usr/local/sbin
PATH: /usr/sbin
PATH: /sbin
PATH: /usr/bin/core_perl


## ----------- ##
## Core tests. ##
## ----------- ##

configure:1906: checking for a BSD-compatible install
configure:1974: result: /usr/bin/install -c
configure:1985: checking whether build environment is sane
configure:2028: result: yes
configure:2053: checking for a thread-safe mkdir -p
configure:2092: result: /usr/bin/mkdir -p
configure:2105: checking for gawk
configure:2121: found /usr/bin/gawk
configure:2132: result: gawk
configure:2143: checking whether make sets $(MAKE)
configure:2165: result: yes
configure:2349: checking whether to enable maintainer-specific portions of Makefiles
configure:2358: result: no
configure:2377: checking for sed
configure:2393: found /usr/bin/sed
configure:2404: result: sed
configure:2534: checking for gcc
configure:2550: found /usr/bin/gcc
configure:2561: result: gcc
configure:2793: checking for C compiler version
configure:2801: gcc --version >&5
gcc (GCC) 4.7.2
Copyright (C) 2012 Free Software Foundation, Inc.
This is free software; see the source for copying conditions.  There is NO
warranty; not even for MERCHANTABILITY or FITNESS FOR A PARTICULAR PURPOSE.

configure:2805: $? = 0
configure:2812: gcc -v >&5
Using built-in specs.
COLLECT_GCC=gcc
COLLECT_LTO_WRAPPER=/usr/lib/gcc/x86_64-unknown-linux-gnu/4.7.2/lto-wrapper
Target: x86_64-unknown-linux-gnu
Configured with: /build/src/gcc-4.7.2/configure --prefix=/usr --libdir=/usr/lib --libexecdir=/usr/lib --mandir=/usr/share/man --infodir=/usr/share/info --with-bugurl=https://bugs.archlinux.org/ --enable-languages=c,c++,ada,fortran,go,lto,objc,obj-c++ --enable-shared --enable-threads=posix --with-system-zlib --enable-__cxa_atexit --disable-libunwind-exceptions --enable-clocale=gnu --disable-libstdcxx-pch --enable-libstdcxx-time --enable-gnu-unique-object --enable-linker-build-id --with-ppl --enable-cloog-backend=isl --disable-ppl-version-check --disable-cloog-version-check --enable-lto --enable-gold --enable-ld=default --enable-plugin --with-plugin-ld=ld.gold --with-linker-hash-style=gnu --disable-multilib --disable-libssp --disable-build-with-cxx --disable-build-poststage1-with-cxx --enable-checking=release
Thread model: posix
gcc version 4.7.2 (GCC) 
configure:2816: $? = 0
configure:2823: gcc -V >&5
gcc: error: unrecognized command line option '-V'
gcc: fatal error: no input files
compilation terminated.
configure:2827: $? = 1
configure:2850: checking for C compiler default output file name
configure:2872: gcc -march=x86-64 -mtune=generic -O2 -pipe -fstack-protector --param=ssp-buffer-size=4 -D_FORTIFY_SOURCE=2  -Wl,-O1,--sort-common,--as-needed,-z,relro conftest.c  >&5
configure:2876: $? = 0
configure:2914: result: a.out
configure:2933: checking whether the C compiler works
configure:2943: ./a.out
configure:2947: $? = 0
configure:2966: result: yes
configure:2973: checking whether we are cross compiling
configure:2975: result: no
configure:2978: checking for suffix of executables
configure:2985: gcc -o conftest -march=x86-64 -mtune=generic -O2 -pipe -fstack-protector --param=ssp-buffer-size=4 -D_FORTIFY_SOURCE=2  -Wl,-O1,--sort-common,--as-needed,-z,relro conftest.c  >&5
configure:2989: $? = 0
configure:3015: result: 
configure:3021: checking for suffix of object files
configure:3047: gcc -c -march=x86-64 -mtune=generic -O2 -pipe -fstack-protector --param=ssp-buffer-size=4 -D_FORTIFY_SOURCE=2  conftest.c >&5
configure:3051: $? = 0
configure:3076: result: o
configure:3080: checking whether we are using the GNU C compiler
configure:3109: gcc -c -march=x86-64 -mtune=generic -O2 -pipe -fstack-protector --param=ssp-buffer-size=4 -D_FORTIFY_SOURCE=2  conftest.c >&5
configure:3116: $? = 0
configure:3133: result: yes
configure:3142: checking whether gcc accepts -g
configure:3172: gcc -c -g  conftest.c >&5
configure:3179: $? = 0
configure:3280: result: yes
configure:3297: checking for gcc option to accept ISO C89
configure:3371: gcc  -c -march=x86-64 -mtune=generic -O2 -pipe -fstack-protector --param=ssp-buffer-size=4 -D_FORTIFY_SOURCE=2  conftest.c >&5
configure:3378: $? = 0
configure:3401: result: none needed
configure:3430: checking for style of include used by make
configure:3458: result: GNU
configure:3483: checking dependency style of gcc
configure:3574: result: gcc3
configure:3647: checking for g++
configure:3663: found /usr/bin/g++
configure:3674: result: g++
configure:3701: checking for C++ compiler version
configure:3709: g++ --version >&5
g++ (GCC) 4.7.2
Copyright (C) 2012 Free Software Foundation, Inc.
This is free software; see the source for copying conditions.  There is NO
warranty; not even for MERCHANTABILITY or FITNESS FOR A PARTICULAR PURPOSE.

configure:3713: $? = 0
configure:3720: g++ -v >&5
Using built-in specs.
COLLECT_GCC=g++
COLLECT_LTO_WRAPPER=/usr/lib/gcc/x86_64-unknown-linux-gnu/4.7.2/lto-wrapper
Target: x86_64-unknown-linux-gnu
Configured with: /build/src/gcc-4.7.2/configure --prefix=/usr --libdir=/usr/lib --libexecdir=/usr/lib --mandir=/usr/share/man --infodir=/usr/share/info --with-bugurl=https://bugs.archlinux.org/ --enable-languages=c,c++,ada,fortran,go,lto,objc,obj-c++ --enable-shared --enable-threads=posix --with-system-zlib --enable-__cxa_atexit --disable-libunwind-exceptions --enable-clocale=gnu --disable-libstdcxx-pch --enable-libstdcxx-time --enable-gnu-unique-object --enable-linker-build-id --with-ppl --enable-cloog-backend=isl --disable-ppl-version-check --disable-cloog-version-check --enable-lto --enable-gold --enable-ld=default --enable-plugin --with-plugin-ld=ld.gold --with-linker-hash-style=gnu --disable-multilib --disable-libssp --disable-build-with-cxx --disable-build-poststage1-with-cxx --enable-checking=release
Thread model: posix
gcc version 4.7.2 (GCC) 
configure:3724: $? = 0
configure:3731: g++ -V >&5
g++: error: unrecognized command line option '-V'
g++: fatal error: no input files
compilation terminated.
configure:3735: $? = 1
configure:3738: checking whether we are using the GNU C++ compiler
configure:3767: g++ -c -march=x86-64 -mtune=generic -O2 -pipe -fstack-protector --param=ssp-buffer-size=4 -D_FORTIFY_SOURCE=2  conftest.cpp >&5
configure:3774: $? = 0
configure:3791: result: yes
configure:3800: checking whether g++ accepts -g
configure:3830: g++ -c -g  conftest.cpp >&5
configure:3837: $? = 0
configure:3938: result: yes
configure:3963: checking dependency style of g++
configure:4054: result: gcc3
configure:4074: checking how to run the C preprocessor
configure:4114: gcc -E  conftest.c
configure:4121: $? = 0
configure:4152: gcc -E  conftest.c
conftest.c:10:28: fatal error: ac_nonexistent.h: No such file or directory
compilation terminated.
configure:4159: $? = 1
configure: failed program was:
| /* confdefs.h.  */
| #define PACKAGE_NAME ""
| #define PACKAGE_TARNAME ""
| #define PACKAGE_VERSION ""
| #define PACKAGE_STRING ""
| #define PACKAGE_BUGREPORT ""
| #define PACKAGE "bbkeys"
| #define VERSION "0.9.1"
| /* end confdefs.h.  */
| #include <ac_nonexistent.h>
configure:4192: result: gcc -E
configure:4221: gcc -E  conftest.c
configure:4228: $? = 0
configure:4259: gcc -E  conftest.c
conftest.c:10:28: fatal error: ac_nonexistent.h: No such file or directory
compilation terminated.
configure:4266: $? = 1
configure: failed program was:
| /* confdefs.h.  */
| #define PACKAGE_NAME ""
| #define PACKAGE_TARNAME ""
| #define PACKAGE_VERSION ""
| #define PACKAGE_STRING ""
| #define PACKAGE_BUGREPORT ""
| #define PACKAGE "bbkeys"
| #define VERSION "0.9.1"
| /* end confdefs.h.  */
| #include <ac_nonexistent.h>
configure:4309: checking for gawk
configure:4336: result: gawk
configure:4361: checking for a BSD-compatible install
configure:4429: result: /usr/bin/install -c
configure:4440: checking whether ln -s works
configure:4444: result: yes
configure:4451: checking whether make sets $(MAKE)
configure:4473: result: yes
configure:4488: checking for perl5
configure:4521: result: no
configure:4488: checking for perl
configure:4506: found /usr/bin/perl
configure:4518: result: /usr/bin/perl
configure:4535: checking for minimum required perl version >= 5.004
configure:4539: result: 5.016002
configure:4548: checking for full perl installation
configure:4559: result: yes
configure:4567: checking for X
configure:4682: gcc -E  conftest.c
configure:4689: $? = 0
configure:4738: gcc -o conftest -march=x86-64 -mtune=generic -O2 -pipe -fstack-protector --param=ssp-buffer-size=4 -D_FORTIFY_SOURCE=2  -Wl,-O1,--sort-common,--as-needed,-z,relro conftest.c -lX11  >&5
configure:4745: $? = 0
configure:4807: result: libraries , headers 
configure:4976: gcc -o conftest -march=x86-64 -mtune=generic -O2 -pipe -fstack-protector --param=ssp-buffer-size=4 -D_FORTIFY_SOURCE=2  -Wl,-O1,--sort-common,--as-needed,-z,relro conftest.c   -lX11 >&5
configure:4983: $? = 0
configure:5151: checking for gethostbyname
configure:5207: gcc -o conftest -march=x86-64 -mtune=generic -O2 -pipe -fstack-protector --param=ssp-buffer-size=4 -D_FORTIFY_SOURCE=2  -Wl,-O1,--sort-common,--as-needed,-z,relro conftest.c  >&5
configure:5214: $? = 0
configure:5234: result: yes
configure:5387: checking for connect
configure:5443: gcc -o conftest -march=x86-64 -mtune=generic -O2 -pipe -fstack-protector --param=ssp-buffer-size=4 -D_FORTIFY_SOURCE=2  -Wl,-O1,--sort-common,--as-needed,-z,relro conftest.c  >&5
configure:5450: $? = 0
configure:5470: result: yes
configure:5546: checking for remove
configure:5602: gcc -o conftest -march=x86-64 -mtune=generic -O2 -pipe -fstack-protector --param=ssp-buffer-size=4 -D_FORTIFY_SOURCE=2  -Wl,-O1,--sort-common,--as-needed,-z,relro conftest.c  >&5
configure:5609: $? = 0
configure:5629: result: yes
configure:5705: checking for shmat
configure:5761: gcc -o conftest -march=x86-64 -mtune=generic -O2 -pipe -fstack-protector --param=ssp-buffer-size=4 -D_FORTIFY_SOURCE=2  -Wl,-O1,--sort-common,--as-needed,-z,relro conftest.c  >&5
configure:5768: $? = 0
configure:5788: result: yes
configure:5873: checking for IceConnectionNumber in -lICE
configure:5908: gcc -o conftest -march=x86-64 -mtune=generic -O2 -pipe -fstack-protector --param=ssp-buffer-size=4 -D_FORTIFY_SOURCE=2  -Wl,-O1,--sort-common,--as-needed,-z,relro conftest.c -lICE   >&5
configure:5915: $? = 0
configure:5936: result: yes
configure:5946: checking for grep that handles long lines and -e
configure:6006: result: /usr/bin/grep
configure:6011: checking for egrep
configure:6075: result: /usr/bin/grep -E
configure:6080: checking for ANSI C header files
configure:6110: gcc -c -march=x86-64 -mtune=generic -O2 -pipe -fstack-protector --param=ssp-buffer-size=4 -D_FORTIFY_SOURCE=2  conftest.c >&5
configure:6117: $? = 0
configure:6216: gcc -o conftest -march=x86-64 -mtune=generic -O2 -pipe -fstack-protector --param=ssp-buffer-size=4 -D_FORTIFY_SOURCE=2  -Wl,-O1,--sort-common,--as-needed,-z,relro conftest.c  >&5
configure:6220: $? = 0
configure:6226: ./conftest
configure:6230: $? = 0
configure:6248: result: yes
configure:6258: checking for sys/wait.h that is POSIX.1 compatible
configure:6294: gcc -c -march=x86-64 -mtune=generic -O2 -pipe -fstack-protector --param=ssp-buffer-size=4 -D_FORTIFY_SOURCE=2  conftest.c >&5
configure:6301: $? = 0
configure:6316: result: yes
configure:6340: checking for sys/types.h
configure:6361: gcc -c -march=x86-64 -mtune=generic -O2 -pipe -fstack-protector --param=ssp-buffer-size=4 -D_FORTIFY_SOURCE=2  conftest.c >&5
configure:6368: $? = 0
configure:6385: result: yes
configure:6340: checking for sys/stat.h
configure:6361: gcc -c -march=x86-64 -mtune=generic -O2 -pipe -fstack-protector --param=ssp-buffer-size=4 -D_FORTIFY_SOURCE=2  conftest.c >&5
configure:6368: $? = 0
configure:6385: result: yes
configure:6340: checking for stdlib.h
configure:6361: gcc -c -march=x86-64 -mtune=generic -O2 -pipe -fstack-protector --param=ssp-buffer-size=4 -D_FORTIFY_SOURCE=2  conftest.c >&5
configure:6368: $? = 0
configure:6385: result: yes
configure:6340: checking for string.h
configure:6361: gcc -c -march=x86-64 -mtune=generic -O2 -pipe -fstack-protector --param=ssp-buffer-size=4 -D_FORTIFY_SOURCE=2  conftest.c >&5
configure:6368: $? = 0
configure:6385: result: yes
configure:6340: checking for memory.h
configure:6361: gcc -c -march=x86-64 -mtune=generic -O2 -pipe -fstack-protector --param=ssp-buffer-size=4 -D_FORTIFY_SOURCE=2  conftest.c >&5
configure:6368: $? = 0
configure:6385: result: yes
configure:6340: checking for strings.h
configure:6361: gcc -c -march=x86-64 -mtune=generic -O2 -pipe -fstack-protector --param=ssp-buffer-size=4 -D_FORTIFY_SOURCE=2  conftest.c >&5
configure:6368: $? = 0
configure:6385: result: yes
configure:6340: checking for inttypes.h
configure:6361: gcc -c -march=x86-64 -mtune=generic -O2 -pipe -fstack-protector --param=ssp-buffer-size=4 -D_FORTIFY_SOURCE=2  conftest.c >&5
configure:6368: $? = 0
configure:6385: result: yes
configure:6340: checking for stdint.h
configure:6361: gcc -c -march=x86-64 -mtune=generic -O2 -pipe -fstack-protector --param=ssp-buffer-size=4 -D_FORTIFY_SOURCE=2  conftest.c >&5
configure:6368: $? = 0
configure:6385: result: yes
configure:6340: checking for unistd.h
configure:6361: gcc -c -march=x86-64 -mtune=generic -O2 -pipe -fstack-protector --param=ssp-buffer-size=4 -D_FORTIFY_SOURCE=2  conftest.c >&5
configure:6368: $? = 0
configure:6385: result: yes
configure:6435: checking ctype.h usability
configure:6452: gcc -c -march=x86-64 -mtune=generic -O2 -pipe -fstack-protector --param=ssp-buffer-size=4 -D_FORTIFY_SOURCE=2  conftest.c >&5
configure:6459: $? = 0
configure:6473: result: yes
configure:6477: checking ctype.h presence
configure:6492: gcc -E  conftest.c
configure:6499: $? = 0
configure:6513: result: yes
configure:6541: checking for ctype.h
configure:6550: result: yes
configure:6424: checking for strings.h
configure:6431: result: yes
configure:6435: checking fcntl.h usability
configure:6452: gcc -c -march=x86-64 -mtune=generic -O2 -pipe -fstack-protector --param=ssp-buffer-size=4 -D_FORTIFY_SOURCE=2  conftest.c >&5
configure:6459: $? = 0
configure:6473: result: yes
configure:6477: checking fcntl.h presence
configure:6492: gcc -E  conftest.c
configure:6499: $? = 0
configure:6513: result: yes
configure:6541: checking for fcntl.h
configure:6550: result: yes
configure:6435: checking libgen.h usability
configure:6452: gcc -c -march=x86-64 -mtune=generic -O2 -pipe -fstack-protector --param=ssp-buffer-size=4 -D_FORTIFY_SOURCE=2  conftest.c >&5
configure:6459: $? = 0
configure:6473: result: yes
configure:6477: checking libgen.h presence
configure:6492: gcc -E  conftest.c
configure:6499: $? = 0
configure:6513: result: yes
configure:6541: checking for libgen.h
configure:6550: result: yes
configure:6435: checking locale.h usability
configure:6452: gcc -c -march=x86-64 -mtune=generic -O2 -pipe -fstack-protector --param=ssp-buffer-size=4 -D_FORTIFY_SOURCE=2  conftest.c >&5
configure:6459: $? = 0
configure:6473: result: yes
configure:6477: checking locale.h presence
configure:6492: gcc -E  conftest.c
configure:6499: $? = 0
configure:6513: result: yes
configure:6541: checking for locale.h
configure:6550: result: yes
configure:6435: checking process.h usability
configure:6452: gcc -c -march=x86-64 -mtune=generic -O2 -pipe -fstack-protector --param=ssp-buffer-size=4 -D_FORTIFY_SOURCE=2  conftest.c >&5
conftest.c:59:21: fatal error: process.h: No such file or directory
compilation terminated.
configure:6459: $? = 1
configure: failed program was:
| /* confdefs.h.  */
| #define PACKAGE_NAME ""
| #define PACKAGE_TARNAME ""
| #define PACKAGE_VERSION ""
| #define PACKAGE_STRING ""
| #define PACKAGE_BUGREPORT ""
| #define PACKAGE "bbkeys"
| #define VERSION "0.9.1"
| #define STDC_HEADERS 1
| #define HAVE_SYS_WAIT_H 1
| #define HAVE_SYS_TYPES_H 1
| #define HAVE_SYS_STAT_H 1
| #define HAVE_STDLIB_H 1
| #define HAVE_STRING_H 1
| #define HAVE_MEMORY_H 1
| #define HAVE_STRINGS_H 1
| #define HAVE_INTTYPES_H 1
| #define HAVE_STDINT_H 1
| #define HAVE_UNISTD_H 1
| #define HAVE_CTYPE_H 1
| #define HAVE_STRINGS_H 1
| #define HAVE_FCNTL_H 1
| #define HAVE_LIBGEN_H 1
| #define HAVE_LOCALE_H 1
| /* end confdefs.h.  */
| #include <stdio.h>
| #ifdef HAVE_SYS_TYPES_H
| # include <sys/types.h>
| #endif
| #ifdef HAVE_SYS_STAT_H
| # include <sys/stat.h>
| #endif
| #ifdef STDC_HEADERS
| # include <stdlib.h>
| # include <stddef.h>
| #else
| # ifdef HAVE_STDLIB_H
| #  include <stdlib.h>
| # endif
| #endif
| #ifdef HAVE_STRING_H
| # if !defined STDC_HEADERS && defined HAVE_MEMORY_H
| #  include <memory.h>
| # endif
| # include <string.h>
| #endif
| #ifdef HAVE_STRINGS_H
| # include <strings.h>
| #endif
| #ifdef HAVE_INTTYPES_H
| # include <inttypes.h>
| #endif
| #ifdef HAVE_STDINT_H
| # include <stdint.h>
| #endif
| #ifdef HAVE_UNISTD_H
| # include <unistd.h>
| #endif
| #include <process.h>
configure:6473: result: no
configure:6477: checking process.h presence
configure:6492: gcc -E  conftest.c
conftest.c:26:21: fatal error: process.h: No such file or directory
compilation terminated.
configure:6499: $? = 1
configure: failed program was:
| /* confdefs.h.  */
| #define PACKAGE_NAME ""
| #define PACKAGE_TARNAME ""
| #define PACKAGE_VERSION ""
| #define PACKAGE_STRING ""
| #define PACKAGE_BUGREPORT ""
| #define PACKAGE "bbkeys"
| #define VERSION "0.9.1"
| #define STDC_HEADERS 1
| #define HAVE_SYS_WAIT_H 1
| #define HAVE_SYS_TYPES_H 1
| #define HAVE_SYS_STAT_H 1
| #define HAVE_STDLIB_H 1
| #define HAVE_STRING_H 1
| #define HAVE_MEMORY_H 1
| #define HAVE_STRINGS_H 1
| #define HAVE_INTTYPES_H 1
| #define HAVE_STDINT_H 1
| #define HAVE_UNISTD_H 1
| #define HAVE_CTYPE_H 1
| #define HAVE_STRINGS_H 1
| #define HAVE_FCNTL_H 1
| #define HAVE_LIBGEN_H 1
| #define HAVE_LOCALE_H 1
| /* end confdefs.h.  */
| #include <process.h>
configure:6513: result: no
configure:6541: checking for process.h
configure:6550: result: no
configure:6435: checking signal.h usability
configure:6452: gcc -c -march=x86-64 -mtune=generic -O2 -pipe -fstack-protector --param=ssp-buffer-size=4 -D_FORTIFY_SOURCE=2  conftest.c >&5
configure:6459: $? = 0
configure:6473: result: yes
configure:6477: checking signal.h presence
configure:6492: gcc -E  conftest.c
configure:6499: $? = 0
configure:6513: result: yes
configure:6541: checking for signal.h
configure:6550: result: yes
configure:6435: checking stdio.h usability
configure:6452: gcc -c -march=x86-64 -mtune=generic -O2 -pipe -fstack-protector --param=ssp-buffer-size=4 -D_FORTIFY_SOURCE=2  conftest.c >&5
configure:6459: $? = 0
configure:6473: result: yes
configure:6477: checking stdio.h presence
configure:6492: gcc -E  conftest.c
configure:6499: $? = 0
configure:6513: result: yes
configure:6541: checking for stdio.h
configure:6550: result: yes
configure:6435: checking time.h usability
configure:6452: gcc -c -march=x86-64 -mtune=generic -O2 -pipe -fstack-protector --param=ssp-buffer-size=4 -D_FORTIFY_SOURCE=2  conftest.c >&5
configure:6459: $? = 0
configure:6473: result: yes
configure:6477: checking time.h presence
configure:6492: gcc -E  conftest.c
configure:6499: $? = 0
configure:6513: result: yes
configure:6541: checking for time.h
configure:6550: result: yes
configure:6435: checking errno.h usability
configure:6452: gcc -c -march=x86-64 -mtune=generic -O2 -pipe -fstack-protector --param=ssp-buffer-size=4 -D_FORTIFY_SOURCE=2  conftest.c >&5
configure:6459: $? = 0
configure:6473: result: yes
configure:6477: checking errno.h presence
configure:6492: gcc -E  conftest.c
configure:6499: $? = 0
configure:6513: result: yes
configure:6541: checking for errno.h
configure:6550: result: yes
configure:6424: checking for unistd.h
configure:6431: result: yes
configure:6435: checking sys/signal.h usability
configure:6452: gcc -c -march=x86-64 -mtune=generic -O2 -pipe -fstack-protector --param=ssp-buffer-size=4 -D_FORTIFY_SOURCE=2  conftest.c >&5
configure:6459: $? = 0
configure:6473: result: yes
configure:6477: checking sys/signal.h presence
configure:6492: gcc -E  conftest.c
configure:6499: $? = 0
configure:6513: result: yes
configure:6541: checking for sys/signal.h
configure:6550: result: yes
configure:6435: checking sys/param.h usability
configure:6452: gcc -c -march=x86-64 -mtune=generic -O2 -pipe -fstack-protector --param=ssp-buffer-size=4 -D_FORTIFY_SOURCE=2  conftest.c >&5
configure:6459: $? = 0
configure:6473: result: yes
configure:6477: checking sys/param.h presence
configure:6492: gcc -E  conftest.c
configure:6499: $? = 0
configure:6513: result: yes
configure:6541: checking for sys/param.h
configure:6550: result: yes
configure:6435: checking sys/select.h usability
configure:6452: gcc -c -march=x86-64 -mtune=generic -O2 -pipe -fstack-protector --param=ssp-buffer-size=4 -D_FORTIFY_SOURCE=2  conftest.c >&5
configure:6459: $? = 0
configure:6473: result: yes
configure:6477: checking sys/select.h presence
configure:6492: gcc -E  conftest.c
configure:6499: $? = 0
configure:6513: result: yes
configure:6541: checking for sys/select.h
configure:6550: result: yes
configure:6424: checking for sys/stat.h
configure:6431: result: yes
configure:6435: checking sys/time.h usability
configure:6452: gcc -c -march=x86-64 -mtune=generic -O2 -pipe -fstack-protector --param=ssp-buffer-size=4 -D_FORTIFY_SOURCE=2  conftest.c >&5
configure:6459: $? = 0
configure:6473: result: yes
configure:6477: checking sys/time.h presence
configure:6492: gcc -E  conftest.c
configure:6499: $? = 0
configure:6513: result: yes
configure:6541: checking for sys/time.h
configure:6550: result: yes
configure:6424: checking for sys/types.h
configure:6431: result: yes
configure:6424: checking for sys/wait.h
configure:6431: result: yes
configure:6424: checking for stdlib.h
configure:6431: result: yes
configure:6424: checking for string.h
configure:6431: result: yes
configure:6435: checking malloc.h usability
configure:6452: gcc -c -march=x86-64 -mtune=generic -O2 -pipe -fstack-protector --param=ssp-buffer-size=4 -D_FORTIFY_SOURCE=2  conftest.c >&5
configure:6459: $? = 0
configure:6473: result: yes
configure:6477: checking malloc.h presence
configure:6492: gcc -E  conftest.c
configure:6499: $? = 0
configure:6513: result: yes
configure:6541: checking for malloc.h
configure:6550: result: yes
configure:6567: checking for an ANSI C-conforming const
configure:6642: gcc -c -march=x86-64 -mtune=generic -O2 -pipe -fstack-protector --param=ssp-buffer-size=4 -D_FORTIFY_SOURCE=2  conftest.c >&5
configure:6649: $? = 0
configure:6664: result: yes
configure:6674: checking for inline
configure:6700: gcc -c -march=x86-64 -mtune=generic -O2 -pipe -fstack-protector --param=ssp-buffer-size=4 -D_FORTIFY_SOURCE=2  conftest.c >&5
configure:6707: $? = 0
configure:6725: result: inline
configure:6744: checking whether time.h and sys/time.h may both be included
configure:6774: gcc -c -march=x86-64 -mtune=generic -O2 -pipe -fstack-protector --param=ssp-buffer-size=4 -D_FORTIFY_SOURCE=2  conftest.c >&5
configure:6781: $? = 0
configure:6796: result: yes
configure:6806: checking whether struct tm is in sys/time.h or time.h
configure:6836: gcc -c -march=x86-64 -mtune=generic -O2 -pipe -fstack-protector --param=ssp-buffer-size=4 -D_FORTIFY_SOURCE=2  conftest.c >&5
configure:6843: $? = 0
configure:6858: result: time.h
configure:6870: checking return type of signal handlers
configure:6898: gcc -c -march=x86-64 -mtune=generic -O2 -pipe -fstack-protector --param=ssp-buffer-size=4 -D_FORTIFY_SOURCE=2  conftest.c >&5
conftest.c: In function 'main':
conftest.c:48:1: error: void value not ignored as it ought to be
configure:6905: $? = 1
configure: failed program was:
| /* confdefs.h.  */
| #define PACKAGE_NAME ""
| #define PACKAGE_TARNAME ""
| #define PACKAGE_VERSION ""
| #define PACKAGE_STRING ""
| #define PACKAGE_BUGREPORT ""
| #define PACKAGE "bbkeys"
| #define VERSION "0.9.1"
| #define STDC_HEADERS 1
| #define HAVE_SYS_WAIT_H 1
| #define HAVE_SYS_TYPES_H 1
| #define HAVE_SYS_STAT_H 1
| #define HAVE_STDLIB_H 1
| #define HAVE_STRING_H 1
| #define HAVE_MEMORY_H 1
| #define HAVE_STRINGS_H 1
| #define HAVE_INTTYPES_H 1
| #define HAVE_STDINT_H 1
| #define HAVE_UNISTD_H 1
| #define HAVE_CTYPE_H 1
| #define HAVE_STRINGS_H 1
| #define HAVE_FCNTL_H 1
| #define HAVE_LIBGEN_H 1
| #define HAVE_LOCALE_H 1
| #define HAVE_SIGNAL_H 1
| #define HAVE_STDIO_H 1
| #define HAVE_TIME_H 1
| #define HAVE_ERRNO_H 1
| #define HAVE_UNISTD_H 1
| #define HAVE_SYS_SIGNAL_H 1
| #define HAVE_SYS_PARAM_H 1
| #define HAVE_SYS_SELECT_H 1
| #define HAVE_SYS_STAT_H 1
| #define HAVE_SYS_TIME_H 1
| #define HAVE_SYS_TYPES_H 1
| #define HAVE_SYS_WAIT_H 1
| #define HAVE_STDLIB_H 1
| #define HAVE_STRING_H 1
| #define HAVE_MALLOC_H 1
| #define TIME_WITH_SYS_TIME 1
| /* end confdefs.h.  */
| #include <sys/types.h>
| #include <signal.h>
| 
| int
| main ()
| {
| return *(signal (0, 0)) (0) == 1;
|   ;
|   return 0;
| }
configure:6920: result: void
configure:6943: checking for setlocale
configure:6999: gcc -o conftest -march=x86-64 -mtune=generic -O2 -pipe -fstack-protector --param=ssp-buffer-size=4 -D_FORTIFY_SOURCE=2  -Wl,-O1,--sort-common,--as-needed,-z,relro conftest.c  >&5
configure:7006: $? = 0
configure:7028: result: yes
configure:6943: checking for sigaction
configure:6999: gcc -o conftest -march=x86-64 -mtune=generic -O2 -pipe -fstack-protector --param=ssp-buffer-size=4 -D_FORTIFY_SOURCE=2  -Wl,-O1,--sort-common,--as-needed,-z,relro conftest.c  >&5
configure:7006: $? = 0
configure:7028: result: yes
configure:6943: checking for strftime
configure:6999: gcc -o conftest -march=x86-64 -mtune=generic -O2 -pipe -fstack-protector --param=ssp-buffer-size=4 -D_FORTIFY_SOURCE=2  -Wl,-O1,--sort-common,--as-needed,-z,relro conftest.c  >&5
conftest.c:68:6: warning: conflicting types for built-in function 'strftime' [enabled by default]
configure:7006: $? = 0
configure:7028: result: yes
configure:6943: checking for gettimeofday
configure:6999: gcc -o conftest -march=x86-64 -mtune=generic -O2 -pipe -fstack-protector --param=ssp-buffer-size=4 -D_FORTIFY_SOURCE=2  -Wl,-O1,--sort-common,--as-needed,-z,relro conftest.c  >&5
configure:7006: $? = 0
configure:7028: result: yes
configure:6943: checking for memset
configure:6999: gcc -o conftest -march=x86-64 -mtune=generic -O2 -pipe -fstack-protector --param=ssp-buffer-size=4 -D_FORTIFY_SOURCE=2  -Wl,-O1,--sort-common,--as-needed,-z,relro conftest.c  >&5
conftest.c:70:6: warning: conflicting types for built-in function 'memset' [enabled by default]
configure:7006: $? = 0
configure:7028: result: yes
configure:6943: checking for strcasecmp
configure:6999: gcc -o conftest -march=x86-64 -mtune=generic -O2 -pipe -fstack-protector --param=ssp-buffer-size=4 -D_FORTIFY_SOURCE=2  -Wl,-O1,--sort-common,--as-needed,-z,relro conftest.c  >&5
conftest.c:71:6: warning: conflicting types for built-in function 'strcasecmp' [enabled by default]
configure:7006: $? = 0
configure:7028: result: yes
configure:6943: checking for strchr
configure:6999: gcc -o conftest -march=x86-64 -mtune=generic -O2 -pipe -fstack-protector --param=ssp-buffer-size=4 -D_FORTIFY_SOURCE=2  -Wl,-O1,--sort-common,--as-needed,-z,relro conftest.c  >&5
conftest.c:72:6: warning: conflicting types for built-in function 'strchr' [enabled by default]
configure:7006: $? = 0
configure:7028: result: yes
configure:6943: checking for strcspn
configure:6999: gcc -o conftest -march=x86-64 -mtune=generic -O2 -pipe -fstack-protector --param=ssp-buffer-size=4 -D_FORTIFY_SOURCE=2  -Wl,-O1,--sort-common,--as-needed,-z,relro conftest.c  >&5
conftest.c:73:6: warning: conflicting types for built-in function 'strcspn' [enabled by default]
configure:7006: $? = 0
configure:7028: result: yes
configure:6943: checking for strdup
configure:6999: gcc -o conftest -march=x86-64 -mtune=generic -O2 -pipe -fstack-protector --param=ssp-buffer-size=4 -D_FORTIFY_SOURCE=2  -Wl,-O1,--sort-common,--as-needed,-z,relro conftest.c  >&5
conftest.c:74:6: warning: conflicting types for built-in function 'strdup' [enabled by default]
configure:7006: $? = 0
configure:7028: result: yes
configure:6943: checking for strncasecmp
configure:6999: gcc -o conftest -march=x86-64 -mtune=generic -O2 -pipe -fstack-protector --param=ssp-buffer-size=4 -D_FORTIFY_SOURCE=2  -Wl,-O1,--sort-common,--as-needed,-z,relro conftest.c  >&5
conftest.c:75:6: warning: conflicting types for built-in function 'strncasecmp' [enabled by default]
configure:7006: $? = 0
configure:7028: result: yes
configure:6943: checking for select
configure:6999: gcc -o conftest -march=x86-64 -mtune=generic -O2 -pipe -fstack-protector --param=ssp-buffer-size=4 -D_FORTIFY_SOURCE=2  -Wl,-O1,--sort-common,--as-needed,-z,relro conftest.c  >&5
configure:7006: $? = 0
configure:7028: result: yes
configure:6943: checking for strstr
configure:6999: gcc -o conftest -march=x86-64 -mtune=generic -O2 -pipe -fstack-protector --param=ssp-buffer-size=4 -D_FORTIFY_SOURCE=2  -Wl,-O1,--sort-common,--as-needed,-z,relro conftest.c  >&5
conftest.c:77:6: warning: conflicting types for built-in function 'strstr' [enabled by default]
configure:7006: $? = 0
configure:7028: result: yes
configure:7046: checking for XOpenDisplay in -lX11
configure:7081: gcc -o conftest -march=x86-64 -mtune=generic -O2 -pipe -fstack-protector --param=ssp-buffer-size=4 -D_FORTIFY_SOURCE=2   -Wl,-O1,--sort-common,--as-needed,-z,relro   -lSM -lICE conftest.c -lX11   >&5
configure:7088: $? = 0
configure:7109: result: yes
configure:7120: checking for XMissingExtension in -lXext
configure:7155: gcc -o conftest -march=x86-64 -mtune=generic -O2 -pipe -fstack-protector --param=ssp-buffer-size=4 -D_FORTIFY_SOURCE=2   -Wl,-O1,--sort-common,--as-needed,-z,relro   -lSM -lICE conftest.c -lXext  -lX11 >&5
configure:7162: $? = 0
configure:7183: result: yes
configure:7243: checking for pkg-config
configure:7261: found /usr/bin/pkg-config
configure:7273: result: /usr/bin/pkg-config
configure:7298: checking pkg-config is at least version 0.9.0
configure:7301: result: yes
configure:7312: checking for LIBBT
configure:7319: $PKG_CONFIG --exists --print-errors "libbt"
configure:7322: $? = 0
configure:7335: $PKG_CONFIG --exists --print-errors "libbt"
configure:7338: $? = 0
configure:7415: result: yes
configure:7557: creating ./config.status

## ---------------------- ##
## Running config.status. ##
## ---------------------- ##

This file was extended by config.status, which was
generated by GNU Autoconf 2.63.  Invocation command line was

  CONFIG_FILES    = 
  CONFIG_HEADERS  = 
  CONFIG_LINKS    = 
  CONFIG_COMMANDS = 
  $ ./config.status 

on panther

config.status:832: creating version.h
config.status:832: creating Makefile
config.status:832: creating src/Makefile
config.status:832: creating doc/Makefile
config.status:832: creating data/Makefile
config.status:832: creating doc/bbkeys.1
config.status:832: creating rpm/Makefile
config.status:832: creating rpm/bbkeys.spec
config.status:832: creating config.h
config.status:1106: executing depfiles commands
configure:8890: result: 
configure:8892: result: 	bbkeys version 0.9.1 configured successfully.
configure:8894: result: 
configure:8896: result: Using '/usr' for installation.
configure:8898: result: Using 'g++' for C++ compiler.
configure:8900: result: Building with '-march=x86-64 -mtune=generic -O2 -pipe -fstack-protector --param=ssp-buffer-size=4 -D_FORTIFY_SOURCE=2  -I/usr/include/bt -I/usr/include/freetype2  ' for C++ compiler flags.
configure:8902: result: Building with '-Wl,-O1,--sort-common,--as-needed,-z,relro   -lSM -lICE' for linker flags.
configure:8904: result: Building with '-lX11 -lXext -Wl,-O1,--sort-common,--as-needed,-z,relro,--hash-style=gnu -L/usr/local/lib -lbt -lXft  ' libraries.
configure:8906: result: 

## ---------------- ##
## Cache variables. ##
## ---------------- ##

ac_cv_c_compiler_gnu=yes
ac_cv_c_const=yes
ac_cv_c_inline=inline
ac_cv_cxx_compiler_gnu=yes
ac_cv_env_CCC_set=
ac_cv_env_CCC_value=
ac_cv_env_CC_set=
ac_cv_env_CC_value=
ac_cv_env_CFLAGS_set=set
ac_cv_env_CFLAGS_value='-march=x86-64 -mtune=generic -O2 -pipe -fstack-protector --param=ssp-buffer-size=4 -D_FORTIFY_SOURCE=2'
ac_cv_env_CPPFLAGS_set=
ac_cv_env_CPPFLAGS_value=
ac_cv_env_CPP_set=
ac_cv_env_CPP_value=
ac_cv_env_CXXFLAGS_set=set
ac_cv_env_CXXFLAGS_value='-march=x86-64 -mtune=generic -O2 -pipe -fstack-protector --param=ssp-buffer-size=4 -D_FORTIFY_SOURCE=2'
ac_cv_env_CXX_set=
ac_cv_env_CXX_value=
ac_cv_env_LDFLAGS_set=set
ac_cv_env_LDFLAGS_value=-Wl,-O1,--sort-common,--as-needed,-z,relro
ac_cv_env_LIBBT_CFLAGS_set=
ac_cv_env_LIBBT_CFLAGS_value=
ac_cv_env_LIBBT_LIBS_set=
ac_cv_env_LIBBT_LIBS_value=
ac_cv_env_LIBS_set=
ac_cv_env_LIBS_value=
ac_cv_env_PKG_CONFIG_set=
ac_cv_env_PKG_CONFIG_value=
ac_cv_env_XMKMF_set=
ac_cv_env_XMKMF_value=
ac_cv_env_build_alias_set=
ac_cv_env_build_alias_value=
ac_cv_env_host_alias_set=
ac_cv_env_host_alias_value=
ac_cv_env_target_alias_set=
ac_cv_env_target_alias_value=
ac_cv_func_connect=yes
ac_cv_func_gethostbyname=yes
ac_cv_func_gettimeofday=yes
ac_cv_func_memset=yes
ac_cv_func_remove=yes
ac_cv_func_select=yes
ac_cv_func_setlocale=yes
ac_cv_func_shmat=yes
ac_cv_func_sigaction=yes
ac_cv_func_strcasecmp=yes
ac_cv_func_strchr=yes
ac_cv_func_strcspn=yes
ac_cv_func_strdup=yes
ac_cv_func_strftime=yes
ac_cv_func_strncasecmp=yes
ac_cv_func_strstr=yes
ac_cv_have_x='have_x=yes	ac_x_includes='\'''\''	ac_x_libraries='\'''\'''
ac_cv_header_ctype_h=yes
ac_cv_header_errno_h=yes
ac_cv_header_fcntl_h=yes
ac_cv_header_inttypes_h=yes
ac_cv_header_libgen_h=yes
ac_cv_header_locale_h=yes
ac_cv_header_malloc_h=yes
ac_cv_header_memory_h=yes
ac_cv_header_process_h=no
ac_cv_header_signal_h=yes
ac_cv_header_stdc=yes
ac_cv_header_stdint_h=yes
ac_cv_header_stdio_h=yes
ac_cv_header_stdlib_h=yes
ac_cv_header_string_h=yes
ac_cv_header_strings_h=yes
ac_cv_header_sys_param_h=yes
ac_cv_header_sys_select_h=yes
ac_cv_header_sys_signal_h=yes
ac_cv_header_sys_stat_h=yes
ac_cv_header_sys_time_h=yes
ac_cv_header_sys_types_h=yes
ac_cv_header_sys_wait_h=yes
ac_cv_header_time=yes
ac_cv_header_time_h=yes
ac_cv_header_unistd_h=yes
ac_cv_lib_ICE_IceConnectionNumber=yes
ac_cv_lib_X11_XOpenDisplay=yes
ac_cv_lib_Xext_XMissingExtension=yes
ac_cv_objext=o
ac_cv_path_EGREP='/usr/bin/grep -E'
ac_cv_path_GREP=/usr/bin/grep
ac_cv_path_PERL=/usr/bin/perl
ac_cv_path_ac_pt_PKG_CONFIG=/usr/bin/pkg-config
ac_cv_path_install='/usr/bin/install -c'
ac_cv_path_mkdir=/usr/bin/mkdir
ac_cv_prog_AWK=gawk
ac_cv_prog_CPP='gcc -E'
ac_cv_prog_ac_ct_CC=gcc
ac_cv_prog_ac_ct_CXX=g++
ac_cv_prog_cc_c89=
ac_cv_prog_cc_g=yes
ac_cv_prog_cxx_g=yes
ac_cv_prog_make_make_set=yes
ac_cv_prog_regex_cmd=sed
ac_cv_struct_tm=time.h
ac_cv_type_signal=void
am_cv_CC_dependencies_compiler_type=gcc3
am_cv_CXX_dependencies_compiler_type=gcc3
pkg_cv_LIBBT_CFLAGS='-I/usr/include/bt -I/usr/include/freetype2  '
pkg_cv_LIBBT_LIBS='-Wl,-O1,--sort-common,--as-needed,-z,relro,--hash-style=gnu -L/usr/local/lib -lbt -lXft  '

## ----------------- ##
## Output variables. ##
## ----------------- ##

ACLOCAL='${SHELL} /home/alan/.config/env/bbkeys/aur/bbkeys/src/bbkeys-0.9.1/missing --run aclocal-1.10'
AMDEPBACKSLASH='\'
AMDEP_FALSE='#'
AMDEP_TRUE=''
AMTAR='${SHELL} /home/alan/.config/env/bbkeys/aur/bbkeys/src/bbkeys-0.9.1/missing --run tar'
AUTOCONF='${SHELL} /home/alan/.config/env/bbkeys/aur/bbkeys/src/bbkeys-0.9.1/missing --run autoconf'
AUTOHEADER='${SHELL} /home/alan/.config/env/bbkeys/aur/bbkeys/src/bbkeys-0.9.1/missing --run autoheader'
AUTOMAKE='${SHELL} /home/alan/.config/env/bbkeys/aur/bbkeys/src/bbkeys-0.9.1/missing --run automake-1.10'
AWK='gawk'
CC='gcc'
CCDEPMODE='depmode=gcc3'
CFLAGS='-march=x86-64 -mtune=generic -O2 -pipe -fstack-protector --param=ssp-buffer-size=4 -D_FORTIFY_SOURCE=2 '
CPP='gcc -E'
CPPFLAGS=''
CXX='g++'
CXXDEPMODE='depmode=gcc3'
CXXFLAGS='-march=x86-64 -mtune=generic -O2 -pipe -fstack-protector --param=ssp-buffer-size=4 -D_FORTIFY_SOURCE=2  -I/usr/include/bt -I/usr/include/freetype2  '
CYGPATH_W='echo'
DEFS='-DHAVE_CONFIG_H'
DEPDIR='.deps'
ECHO_C=''
ECHO_N='-n'
ECHO_T=''
EGREP='/usr/bin/grep -E'
EXEEXT=''
GREP='/usr/bin/grep'
INSTALL_DATA='${INSTALL} -m 644'
INSTALL_PROGRAM='${INSTALL}'
INSTALL_SCRIPT='${INSTALL}'
INSTALL_STRIP_PROGRAM='$(install_sh) -c -s'
LDFLAGS='-Wl,-O1,--sort-common,--as-needed,-z,relro   -lSM -lICE'
LIBBT_CFLAGS='-I/usr/include/bt -I/usr/include/freetype2  '
LIBBT_LIBS='-Wl,-O1,--sort-common,--as-needed,-z,relro,--hash-style=gnu -L/usr/local/lib -lbt -lXft  '
LIBOBJS=''
LIBS='-lX11 -lXext -Wl,-O1,--sort-common,--as-needed,-z,relro,--hash-style=gnu -L/usr/local/lib -lbt -lXft  '
LN_S='ln -s'
LTLIBOBJS=''
MAINT='#'
MAINTAINER_MODE_FALSE=''
MAINTAINER_MODE_TRUE='#'
MAKEINFO='${SHELL} /home/alan/.config/env/bbkeys/aur/bbkeys/src/bbkeys-0.9.1/missing --run makeinfo'
MKDIR_P='/usr/bin/mkdir -p'
OBJEXT='o'
PACKAGE='bbkeys'
PACKAGE_BUGREPORT=''
PACKAGE_NAME=''
PACKAGE_STRING=''
PACKAGE_TARNAME=''
PACKAGE_VERSION=''
PATH_SEPARATOR=':'
PERL='/usr/bin/perl'
PKG_CONFIG='/usr/bin/pkg-config'
SET_MAKE=''
SHELL='/bin/sh'
STRIP=''
VERSION='0.9.1'
XMKMF=''
X_CFLAGS=''
X_EXTRA_LIBS=''
X_LIBS=''
X_PRE_LIBS=' -lSM -lICE'
ac_ct_CC='gcc'
ac_ct_CXX='g++'
am__fastdepCC_FALSE='#'
am__fastdepCC_TRUE=''
am__fastdepCXX_FALSE='#'
am__fastdepCXX_TRUE=''
am__include='include'
am__isrc=''
am__leading_dot='.'
am__quote=''
am__tar='${AMTAR} chof - "$$tardir"'
am__untar='${AMTAR} xf -'
bindir='${exec_prefix}/bin'
build_alias=''
datadir='${datarootdir}'
datarootdir='${prefix}/share'
docdir='${datarootdir}/doc/${PACKAGE}'
dvidir='${docdir}'
exec_prefix='${prefix}'
host_alias=''
htmldir='${docdir}'
includedir='${prefix}/include'
infodir='${datarootdir}/info'
install_sh='$(SHELL) /home/alan/.config/env/bbkeys/aur/bbkeys/src/bbkeys-0.9.1/install-sh'
libdir='${exec_prefix}/lib'
libexecdir='${exec_prefix}/libexec'
localedir='${datarootdir}/locale'
localstatedir='${prefix}/var'
mandir='${datarootdir}/man'
mkdir_p='/usr/bin/mkdir -p'
oldincludedir='/usr/include'
pdfdir='${docdir}'
prefix='/usr'
program_transform_name='s,x,x,'
psdir='${docdir}'
regex_cmd='sed'
sbindir='${exec_prefix}/sbin'
sharedstatedir='${prefix}/com'
sysconfdir='${prefix}/etc'
target_alias=''

## ----------- ##
## confdefs.h. ##
## ----------- ##

#define PACKAGE_NAME ""
#define PACKAGE_TARNAME ""
#define PACKAGE_VERSION ""
#define PACKAGE_STRING ""
#define PACKAGE_BUGREPORT ""
#define PACKAGE "bbkeys"
#define VERSION "0.9.1"
#define STDC_HEADERS 1
#define HAVE_SYS_WAIT_H 1
#define HAVE_SYS_TYPES_H 1
#define HAVE_SYS_STAT_H 1
#define HAVE_STDLIB_H 1
#define HAVE_STRING_H 1
#define HAVE_MEMORY_H 1
#define HAVE_STRINGS_H 1
#define HAVE_INTTYPES_H 1
#define HAVE_STDINT_H 1
#define HAVE_UNISTD_H 1
#define HAVE_CTYPE_H 1
#define HAVE_STRINGS_H 1
#define HAVE_FCNTL_H 1
#define HAVE_LIBGEN_H 1
#define HAVE_LOCALE_H 1
#define HAVE_SIGNAL_H 1
#define HAVE_STDIO_H 1
#define HAVE_TIME_H 1
#define HAVE_ERRNO_H 1
#define HAVE_UNISTD_H 1
#define HAVE_SYS_SIGNAL_H 1
#define HAVE_SYS_PARAM_H 1
#define HAVE_SYS_SELECT_H 1
#define HAVE_SYS_STAT_H 1
#define HAVE_SYS_TIME_H 1
#define HAVE_SYS_TYPES_H 1
#define HAVE_SYS_WAIT_H 1
#define HAVE_STDLIB_H 1
#define HAVE_STRING_H 1
#define HAVE_MALLOC_H 1
#define TIME_WITH_SYS_TIME 1
#define RETSIGTYPE void
#define HAVE_SETLOCALE 1
#define HAVE_SIGACTION 1
#define HAVE_STRFTIME 1
#define HAVE_GETTIMEOFDAY 1
#define HAVE_MEMSET 1
#define HAVE_STRCASECMP 1
#define HAVE_STRCHR 1
#define HAVE_STRCSPN 1
#define HAVE_STRDUP 1
#define HAVE_STRNCASECMP 1
#define HAVE_SELECT 1
#define HAVE_STRSTR 1

configure: exit 0
